<?xml version="1.0" encoding="UTF-8"?>
<!-- Generated by org.testng.reporters.JUnitReportReporter -->
<testsuite skipped="0" hostname="Manivannans-MacBook-Pro.local" name="restAssured.test1" tests="1" failures="0" timestamp="02 May 2019 00:09:23 GMT" time="4.516" errors="0">
  <testcase name="getWetherDetails" time="4.516" classname="restAssured.test1"/>
</testsuite> <!-- restAssured.test1 -->
